Feature: User Authentication and Login

  Scenario: Successful login with valid credentials
    Given the user opens the login page ... undefined in 0.000s

  Scenario: Failed login with invalid username
    Given the user opens the login page ... undefined in 0.000s

  Scenario: Failed login with incorrect password
    Given the user opens the login page ... undefined in 0.000s

  Scenario: Password reset functionality
    Given the user opens the login page ... undefined in 0.000s

Feature: Payment Processing and Checkout

  Scenario: Charge valid credit card successfully
    Given the user is on the checkout page ... undefined in 0.000s

  Scenario: Reject payment with invalid card number
    Given the user is on the checkout page ... undefined in 0.000s

  Scenario: Handle declined card from issuer
    Given the user is on the checkout page ... undefined in 0.000s

  Scenario: Apply discount code successfully
    Given the user is on the checkout page ... undefined in 0.000s

  Scenario: Reject invalid discount code
    Given the user is on the checkout page ... undefined in 0.000s

