nohup: ignoring input

    ╔════════════════════════════════════════╗
    ║   Image Mutation Tool - Backend API    ║
    ╚════════════════════════════════════════╝
    
    🚀 Server starting...
    📍 Running on http://localhost:5000
    🔧 Debug mode: True
    
    Available endpoints:
    ✓ GET  /api/health              - Health check
    ✓ GET  /api/mutations           - List mutations
    ✓ POST /api/mutate              - Apply mutation
    ✓ GET  /api/image/<file>        - View result image
    ✓ GET  /api/download/<file>     - Download single result
    ✓ POST /api/download-batch      - Download multiple as ZIP
    
    📚 API Docs: http://localhost:5000/api/mutations
    
    Press CTRL+C to quit
    
 * Serving Flask app 'app'
 * Debug mode: on
Address already in use
Port 5000 is in use by another program. Either identify and stop that program, or start the server with a different port.
